<?xml version="1.0" encoding="UTF-8"?>
<!-- Generated by org.testng.reporters.JUnitReportReporter -->
<testsuite name="org.hcl.abc.testcases.TC_002" tests="1" time="26.420" ignored="0" failures="0" timestamp="03 Nov 2019 03:48:37 GMT" skipped="0" hostname="DESKTOP-NMJ3473" errors="0">
  <testcase name="tcase2" time="26.420" classname="org.hcl.abc.testcases.TC_002"/>
</testsuite> <!-- org.hcl.abc.testcases.TC_002 -->
