<?xml version="1.0" encoding="UTF-8"?>
<!-- Generated by org.testng.reporters.JUnitReportReporter -->
<testsuite name="org.hcl.abc.testcases.TC_001_Login_Functionality" tests="1" time="38.718" ignored="0" failures="0" timestamp="16 Nov 2019 03:37:01 GMT" skipped="0" hostname="DESKTOP-NMJ3473" errors="0">
  <testcase name="tc001" time="38.718" classname="org.hcl.abc.testcases.TC_001_Login_Functionality"/>
</testsuite> <!-- org.hcl.abc.testcases.TC_001_Login_Functionality -->
